生成启动时间为 2013/9/13 1:13:13。
     1>项目“E:\carrot\proj.win32\Proj1.win32.vcxproj”在节点 2 上(build 个目标)。
     1>C:\Program Files\MSBuild\Microsoft.Cpp\v4.0\Microsoft.CppBuild.targets(298,5): warning MSB8004: Intermediate 目录未以斜杠结尾。此生成实例将添加斜杠，因为必须有这个斜杠才能正确计算 Intermediate 目录。
     1>C:\Program Files\MSBuild\Microsoft.Cpp\v4.0\Microsoft.CppBuild.targets(299,5): warning MSB8004: Output 目录未以斜杠结尾。此生成实例将添加斜杠，因为必须有这个斜杠才能正确计算 Output 目录。
     1>InitializeBuildStatus:
         正在创建“Env\Proj1.win32.unsuccessfulbuild”，因为已指定“AlwaysCreate”。
       ClCompile:
         所有输出均为最新。
         所有输出均为最新。
       ResourceCompile:
         所有输出均为最新。
       ManifestResourceCompile:
         所有输出均为最新。
       Link:
         所有输出均为最新。
       Manifest:
         所有输出均为最新。
       FinalizeBuildStatus:
         正在删除文件“Env\Proj1.win32.unsuccessfulbuild”。
         正在对“Env\Proj1.win32.lastbuildstate”执行 Touch 任务。
     1>已完成生成项目“E:\carrot\proj.win32\Proj1.win32.vcxproj”(build 个目标)的操作。

生成成功。

已用时间 00:00:00.20
